<?xml version="1.0" encoding="utf-8"?><testsuites name="pytest tests"><testsuite name="pytest" errors="0" failures="0" skipped="0" tests="19" time="6.027" timestamp="2026-02-13T12:13:13.973828+00:00" hostname="agent-env-6c076402-20d3-49d3-8fb4-52408be77397"><testcase classname="backend.tests.test_gift_vouchers.TestGiftVoucherSetup" name="test_register_test_user_1" time="0.543" /><testcase classname="backend.tests.test_gift_vouchers.TestGiftVoucherSetup" name="test_register_test_user_2" time="0.341" /><testcase classname="backend.tests.test_gift_vouchers.TestCreateGiftVoucher" name="test_create_voucher_success" time="0.527" /><testcase classname="backend.tests.test_gift_vouchers.TestCreateGiftVoucher" name="test_create_voucher_minimum_amount" time="0.086" /><testcase classname="backend.tests.test_gift_vouchers.TestCreateGiftVoucher" name="test_create_voucher_below_minimum_fails" time="0.047" /><testcase classname="backend.tests.test_gift_vouchers.TestCreateGiftVoucher" name="test_create_voucher_maximum_amount" time="0.153" /><testcase classname="backend.tests.test_gift_vouchers.TestCreateGiftVoucher" name="test_create_voucher_above_maximum_fails" time="0.058" /><testcase classname="backend.tests.test_gift_vouchers.TestCreateGiftVoucher" name="test_create_voucher_without_auth_fails" time="0.162" /><testcase classname="backend.tests.test_gift_vouchers.TestGetSentVouchers" name="test_get_sent_vouchers" time="0.439" /><testcase classname="backend.tests.test_gift_vouchers.TestGetSentVouchers" name="test_get_sent_vouchers_without_auth_fails" time="0.095" /><testcase classname="backend.tests.test_gift_vouchers.TestGetVoucherByCode" name="test_get_voucher_by_code" time="0.580" /><testcase classname="backend.tests.test_gift_vouchers.TestGetVoucherByCode" name="test_get_voucher_invalid_code" time="0.227" /><testcase classname="backend.tests.test_gift_vouchers.TestRedeemVoucher" name="test_redeem_voucher_success" time="1.138" /><testcase classname="backend.tests.test_gift_vouchers.TestRedeemVoucher" name="test_redeem_voucher_twice_fails" time="0.058" /><testcase classname="backend.tests.test_gift_vouchers.TestRedeemVoucher" name="test_redeem_invalid_voucher_fails" time="0.496" /><testcase classname="backend.tests.test_gift_vouchers.TestRedeemVoucher" name="test_redeem_without_auth_fails" time="0.110" /><testcase classname="backend.tests.test_gift_vouchers.TestVoucherEdgeCases" name="test_voucher_with_empty_message" time="0.530" /><testcase classname="backend.tests.test_gift_vouchers.TestVoucherEdgeCases" name="test_voucher_with_arabic_message" time="0.111" /><testcase classname="backend.tests.test_gift_vouchers.TestVoucherEdgeCases" name="test_voucher_different_validity_periods" time="0.248" /></testsuite></testsuites>