<?xml version="1.0" encoding="utf-8"?><testsuites name="pytest tests"><testsuite name="pytest" errors="0" failures="0" skipped="0" tests="17" time="2.421" timestamp="2026-02-03T21:53:25.969393+00:00" hostname="agent-env-93dc5e82-c865-4195-970f-89c0712be1cf"><testcase classname="backend.tests.test_new_features.TestGoldPrices" name="test_gold_prices_endpoint_returns_200" time="0.077" /><testcase classname="backend.tests.test_new_features.TestGoldPrices" name="test_gold_prices_returns_all_karats" time="0.040" /><testcase classname="backend.tests.test_new_features.TestGoldPrices" name="test_gold_24k_price_in_expected_range" time="0.042" /><testcase classname="backend.tests.test_new_features.TestGoldPrices" name="test_gold_prices_have_required_fields" time="0.040" /><testcase classname="backend.tests.test_new_features.TestPasswordReset" name="test_forgot_password_accepts_email" time="0.046" /><testcase classname="backend.tests.test_new_features.TestPasswordReset" name="test_forgot_password_returns_debug_token" time="0.061" /><testcase classname="backend.tests.test_new_features.TestPasswordReset" name="test_reset_password_with_invalid_token" time="0.036" /><testcase classname="backend.tests.test_new_features.TestPasswordReset" name="test_full_password_reset_flow" time="0.300" /><testcase classname="backend.tests.test_new_features.TestNotifications" name="test_notifications_requires_auth" time="0.068" /><testcase classname="backend.tests.test_new_features.TestNotifications" name="test_notifications_returns_list" time="0.298" /><testcase classname="backend.tests.test_new_features.TestPriceAlerts" name="test_price_alerts_requires_auth" time="0.038" /><testcase classname="backend.tests.test_new_features.TestPriceAlerts" name="test_create_price_alert" time="0.322" /><testcase classname="backend.tests.test_new_features.TestPriceAlerts" name="test_get_price_alerts" time="0.298" /><testcase classname="backend.tests.test_new_features.TestPriceAlerts" name="test_delete_price_alert" time="0.340" /><testcase classname="backend.tests.test_new_features.TestHealthAndBasicEndpoints" name="test_health_endpoint" time="0.036" /><testcase classname="backend.tests.test_new_features.TestHealthAndBasicEndpoints" name="test_root_endpoint" time="0.042" /><testcase classname="backend.tests.test_new_features.TestHealthAndBasicEndpoints" name="test_login_with_admin_credentials" time="0.264" /></testsuite></testsuites>